Experiments:

The datasets include the following experiments.

* E3SM_1_1_ECA_ssp585-BDRC (20191108.BDRC.SSP85)
* E3SM_1_1_ECA_piControl-ext85yr (CNTL_CNPECACNT_SSP85.ne30_oECv3.cori-knl)
* E3SM_1_1_ECA_hist-BCRC (BCRC_CNPECACNT_20TR.ne30_oECv3.cori-knl)
* E3SM_1_1_ssp585-BCRC (20191107.BCRC_CNPCTC_SSP585_OIBGC.ne30_oECv3.compy)
* E3SM_1_1_ECA_hist-BCRD (BCRD_CNPECACNT_20TR.ne30_oECv3.edison)
* E3SM_1_1_ECA_piControl (20190308.CNTL.1850-2014)
* E3SM_1_1_piControl (20181217.CNTL_CNPCTC1850_OIBGC.ne30_oECv3.edison)
* E3SM_1_1_ECA_hist-BDRC (20190308.BDRC.1850-2014)
* E3SM_1_1_ECA_hist-BCRD (BCRD_CNPECACNT_20TR.ne30_oECv3.cori-knl)
* E3SM_1_1_ssp585-BDRD (20191204.BDRD_CNPCTC_SSP585_OIBGC.ne30_oECv3.compy)
* E3SM_1_1_hist-BCRD (20181217.BCRD_CNPCTC20TR_OIBGC.ne30_oECv3.edison)
* E3SM_1_1_hist-BDRD (20181217.BDRD_CNPCTC20TR_OIBGC.ne30_oECv3.edison)
* E3SM_1_1_ECA_hist-BDRD (20190308.BDRD.1850-2014)
* E3SM_1_1_ECA_ssp585-BCRD (BCRD_CNPECACNT_SSP85.ne30_oECv3.cori-knl)
* E3SM_1_1_ECA_ssp585-BDRD (20191108.BDRD.SSP85)
* E3SM_1_1_hist-BCRC (20181217.BCRC_CNPCTC20TR_OIBGC.ne30_oECv3.edison)
* E3SM_1_1_ECA_ssp585-BCRC (BCRC_CNPECACNT_SSP85.ne30_oECv3.cori-knl)
* E3SM_1_1_ECA_hist-BCRC (BCRC_CNPECACNT_20TR.ne30_oECv3.edison)
* E3SM_1_1_piControl-ext85yr (20191204.CNTL_CNPCTC1850_OIBGC.ne30_oECv3.compy)
* E3SM_1_1_ssp585-BDRC (20191107.BDRC_CNPCTC_SSP585_OIBGC.ne30_oECv3.compy)
* E3SM_1_1_ssp585-BCRD (20190812.BCRD_CNPCTC20TR_OIBGC.ne30_oECv3.compy/archive)
* E3SM_1_1_ssp585-BCRD (20191204.BCRD_CNPCTC_SSP585_OIBGC.ne30_oECv3.compy)
* E3SM_1_1_hist-BDRC (20181217.BDRC_CNPCTC20TR_OIBGC.ne30_oECv3.edison)
